<?xml version="1.0" encoding="UTF-8"?>
<!-- Generated by org.testng.reporters.JUnitReportReporter -->
<testsuite hostname="Chetan-pc" failures="0" tests="1" name="practice.Working_with_VerificationOfNewContact" time="11.064" errors="0" timestamp="2024-08-12T12:00:49 IST" skipped="0">
  <testcase classname="practice.Working_with_VerificationOfNewContact" name="contact" time="11.064"/>
  <system-out/>
</testsuite> <!-- practice.Working_with_VerificationOfNewContact -->
