<?xml version="1.0" encoding="UTF-8"?>
<!-- Generated by org.testng.reporters.JUnitReportReporter -->
<testsuite hostname="Chetan-pc" failures="0" tests="1" name="practice.ExtentReportSample" time="6.582" errors="0" timestamp="2024-08-28T13:36:47 IST" skipped="0">
  <testcase classname="practice.ExtentReportSample" name="createOrgTest" time="6.582"/>
  <system-out/>
</testsuite> <!-- practice.ExtentReportSample -->
