<?xml version="1.0" encoding="UTF-8"?>
<!-- Generated by org.testng.reporters.JUnitReportReporter -->
<testsuite hostname="Chetan-pc" failures="0" tests="3" name="com.vtiger.crm.contacttest.Working_with_ContactModuleTest" time="52.273" errors="0" timestamp="2024-08-29T17:00:16 IST" skipped="0">
  <testcase classname="com.vtiger.crm.contacttest.Working_with_ContactModuleTest" name="createContactTest" time="13.813"/>
  <system-out/>
  <testcase classname="com.vtiger.crm.contacttest.Working_with_ContactModuleTest" name="createContactwithOrgTest" time="25.150"/>
  <system-out/>
  <testcase classname="com.vtiger.crm.contacttest.Working_with_ContactModuleTest" name="createContactwithDate" time="13.310"/>
  <system-out/>
</testsuite> <!-- com.vtiger.crm.contacttest.Working_with_ContactModuleTest -->
