<?xml version="1.0" encoding="UTF-8"?>
<!-- Generated by org.testng.reporters.JUnitReportReporter -->
<testsuite hostname="Chetan-pc" failures="0" tests="1" name="practice.Working_with_VerificationOfNewContactWithSupportDate" time="18.222" errors="0" timestamp="2024-08-12T13:07:30 IST" skipped="0">
  <testcase classname="practice.Working_with_VerificationOfNewContactWithSupportDate" name="contact" time="18.222"/>
  <system-out/>
</testsuite> <!-- practice.Working_with_VerificationOfNewContactWithSupportDate -->
