<?xml version="1.0" encoding="UTF-8"?>
<!-- Generated by org.testng.reporters.JUnitReportReporter -->
<testsuite hostname="Chetan-pc" failures="0" tests="1" name="practice.Working_with_VerificationOfNumber" time="12.051" errors="0" timestamp="2024-08-12T10:55:01 IST" skipped="0">
  <testcase classname="practice.Working_with_VerificationOfNumber" name="number" time="12.051"/>
  <system-out/>
</testsuite> <!-- practice.Working_with_VerificationOfNumber -->
