<?xml version="1.0" encoding="UTF-8"?>
<!-- Generated by org.testng.reporters.JUnitReportReporter -->
<testsuite hostname="Chetan-pc" failures="0" tests="3" name="practice.GetProductInfoTest" time="26.791" errors="0" timestamp="2024-08-20T18:12:19 IST" skipped="0">
  <testcase classname="practice.GetProductInfoTest" name="getproductinfoTest" time="9.815"/>
  <system-out/>
  <testcase classname="practice.GetProductInfoTest" name="getproductinfoTest" time="6.192"/>
  <system-out/>
  <testcase classname="practice.GetProductInfoTest" name="getproductinfoTest" time="10.784"/>
  <system-out/>
</testsuite> <!-- practice.GetProductInfoTest -->
