<?xml version="1.0" encoding="UTF-8"?>
<!-- Generated by org.testng.reporters.JUnitReportReporter -->
<testsuite hostname="Chetan-pc" failures="0" tests="1" name="practice.Working_with_OrgNameConfirmationScript" time="14.564" errors="0" timestamp="2024-08-12T06:56:46 IST" skipped="0">
  <testcase classname="practice.Working_with_OrgNameConfirmationScript" name="orgName" time="14.564"/>
  <system-out/>
</testsuite> <!-- practice.Working_with_OrgNameConfirmationScript -->
