<?xml version="1.0" encoding="UTF-8"?>
<!-- Generated by org.testng.reporters.JUnitReportReporter -->
<testsuite hostname="Chetan-pc" failures="0" tests="2" name="practice.CreateContactTest" time="0.011" errors="0" timestamp="2024-08-21T11:46:19 IST" skipped="0">
  <testcase classname="practice.CreateContactTest" name="createContactTest" time="0.009"/>
  <system-out/>
  <testcase classname="practice.CreateContactTest" name="createContactWithDate" time="0.002"/>
  <system-out/>
</testsuite> <!-- practice.CreateContactTest -->
