<?xml version="1.0" encoding="UTF-8"?>
<!-- Generated by org.testng.reporters.JUnitReportReporter -->
<testsuite hostname="Chetan-pc" failures="0" tests="1" name="practice.Working_with_Xml_ReadDataFromXmlTest" time="0.009" errors="0" timestamp="2024-08-08T10:44:07 IST" skipped="0">
  <testcase classname="practice.Working_with_Xml_ReadDataFromXmlTest" name="readXmlData" time="0.009"/>
  <system-out/>
</testsuite> <!-- practice.Working_with_Xml_ReadDataFromXmlTest -->
