<?xml version="1.0" encoding="UTF-8"?>
<!-- Generated by org.testng.reporters.JUnitReportReporter -->
<testsuite hostname="Chetan-pc" failures="0" tests="1" name="practice.Working_with_SeleniumTestReadDataFromRunTime" time="6.589" errors="0" timestamp="2024-08-07T12:19:39 IST" skipped="0">
  <testcase classname="practice.Working_with_SeleniumTestReadDataFromRunTime" name="seleniumTest" time="6.589"/>
  <system-out/>
</testsuite> <!-- practice.Working_with_SeleniumTestReadDataFromRunTime -->
