<?xml version="1.0" encoding="UTF-8"?>
<!-- Generated by org.testng.reporters.JUnitReportReporter -->
<testsuite hostname="Chetan-pc" failures="0" tests="2" name="practice.CreateOrgTest" time="0.003" errors="0" timestamp="2024-08-21T11:46:19 IST" skipped="0">
  <testcase classname="practice.CreateOrgTest" name="createOrgTest" time="0.001"/>
  <system-out/>
  <testcase classname="practice.CreateOrgTest" name="createOrgWithIndustry" time="0.002"/>
  <system-out/>
</testsuite> <!-- practice.CreateOrgTest -->
