<?xml version="1.0" encoding="UTF-8"?>
<!-- Generated by org.testng.reporters.JUnitReportReporter -->
<testsuite hostname="Chetan-pc" failures="0" tests="1" name="com.vtiger.crm.orgtest.Working_with_CreationAndVerificationOfIndustryAndTypeDropdownWithNewOrgTest" time="26.740" errors="0" timestamp="2024-08-21T14:24:50 IST" skipped="0">
  <testcase classname="com.vtiger.crm.orgtest.Working_with_CreationAndVerificationOfIndustryAndTypeDropdownWithNewOrgTest" name="industryAndType" time="26.740"/>
  <system-out/>
</testsuite> <!-- com.vtiger.crm.orgtest.Working_with_CreationAndVerificationOfIndustryAndTypeDropdownWithNewOrgTest -->
