<?xml version="1.0" encoding="UTF-8"?>
<!-- Generated by org.testng.reporters.JUnitReportReporter -->
<testsuite hostname="Chetan-pc" failures="0" tests="1" name="com.vtiger.crm.contacttest.Working_with_VerificationOfNewContactWithOrgName" time="25.208" errors="0" timestamp="2024-08-13T12:46:38 IST" skipped="0">
  <testcase classname="com.vtiger.crm.contacttest.Working_with_VerificationOfNewContactWithOrgName" name="contact" time="25.208"/>
  <system-out/>
</testsuite> <!-- com.vtiger.crm.contacttest.Working_with_VerificationOfNewContactWithOrgName -->
