<?xml version="1.0" encoding="UTF-8"?>
<!-- Generated by org.testng.reporters.JUnitReportReporter -->
<testsuite hostname="Chetan-pc" failures="0" tests="1" name="practice.Working_with_NinzaHrm_GUI" time="6.804" errors="0" timestamp="2024-08-09T17:37:36 IST" skipped="0">
  <testcase classname="practice.Working_with_NinzaHrm_GUI" name="gui" time="6.804"/>
  <system-out/>
</testsuite> <!-- practice.Working_with_NinzaHrm_GUI -->
