<?xml version="1.0" encoding="UTF-8"?>
<!-- Generated by org.testng.reporters.JUnitReportReporter -->
<testsuite hostname="Chetan-pc" failures="0" tests="1" name="practice.Working_with_VerificationOfIndustryAndTypeDropdown" time="17.509" errors="0" timestamp="2024-08-12T11:11:23 IST" skipped="0">
  <testcase classname="practice.Working_with_VerificationOfIndustryAndTypeDropdown" name="industryAndType" time="17.509"/>
  <system-out/>
</testsuite> <!-- practice.Working_with_VerificationOfIndustryAndTypeDropdown -->
