<?xml version="1.0" encoding="UTF-8"?>
<!-- Generated by org.testng.reporters.JUnitReportReporter -->
<testsuite hostname="Chetan-pc" failures="0" tests="1" name="com.vtiger.crm.orgtest.Working_with_VerificationOfNumberWithNewOrg" time="17.107" errors="0" timestamp="2024-08-13T12:32:40 IST" skipped="0">
  <testcase classname="com.vtiger.crm.orgtest.Working_with_VerificationOfNumberWithNewOrg" name="number" time="17.107"/>
  <system-out/>
</testsuite> <!-- com.vtiger.crm.orgtest.Working_with_VerificationOfNumberWithNewOrg -->
