<?xml version="1.0" encoding="UTF-8"?>
<!-- Generated by org.testng.reporters.JUnitReportReporter -->
<testsuite hostname="Chetan-pc" failures="0" tests="1" name="com.vtiger.crm.contacttest.Working_with_VerificationOfNewContact" time="16.745" errors="0" timestamp="2024-08-19T11:54:07 IST" skipped="0">
  <testcase classname="com.vtiger.crm.contacttest.Working_with_VerificationOfNewContact" name="contact" time="16.745"/>
  <system-out/>
</testsuite> <!-- com.vtiger.crm.contacttest.Working_with_VerificationOfNewContact -->
