<?xml version="1.0" encoding="UTF-8"?>
<!-- Generated by org.testng.reporters.JUnitReportReporter -->
<testsuite hostname="Chetan-pc" failures="0" tests="1" name="com.vtiger.crm.orgtest.Working_with_VerificationOfIndustryAndTypeDropdownWithNewOrg" time="29.402" errors="0" timestamp="2024-08-13T12:25:26 IST" skipped="0">
  <testcase classname="com.vtiger.crm.orgtest.Working_with_VerificationOfIndustryAndTypeDropdownWithNewOrg" name="industryAndType" time="29.402"/>
  <system-out/>
</testsuite> <!-- com.vtiger.crm.orgtest.Working_with_VerificationOfIndustryAndTypeDropdownWithNewOrg -->
