<?xml version="1.0" encoding="UTF-8"?>
<!-- Generated by org.testng.reporters.JUnitReportReporter -->
<testsuite hostname="Chetan-pc" failures="0" tests="3" name="com.vtiger.crm.orgtest.Working_with_OrganizationModuleTest" time="42.219" errors="0" timestamp="2024-08-29T17:00:16 IST" skipped="0">
  <testcase classname="com.vtiger.crm.orgtest.Working_with_OrganizationModuleTest" name="createOrgWithNumber" time="13.175"/>
  <system-out/>
  <testcase classname="com.vtiger.crm.orgtest.Working_with_OrganizationModuleTest" name="createOrgTest" time="13.945"/>
  <system-out/>
  <testcase classname="com.vtiger.crm.orgtest.Working_with_OrganizationModuleTest" name="createOrgWithIndustryAndType" time="15.099"/>
  <system-out/>
</testsuite> <!-- com.vtiger.crm.orgtest.Working_with_OrganizationModuleTest -->
