<?xml version="1.0" encoding="UTF-8"?>
<!-- Generated by org.testng.reporters.JUnitReportReporter -->
<testsuite hostname="Chetan-pc" failures="0" tests="1" name="practice.Working_with_ReadDataFromJsonFile" time="7.938" errors="0" timestamp="2024-08-07T18:05:05 IST" skipped="0">
  <testcase classname="practice.Working_with_ReadDataFromJsonFile" name="jsonfile" time="7.938"/>
  <system-out/>
</testsuite> <!-- practice.Working_with_ReadDataFromJsonFile -->
