<?xml version="1.0" encoding="UTF-8"?>
<!-- Generated by org.testng.reporters.JUnitReportReporter -->
<testsuite hostname="Chetan-pc" failures="0" tests="1" name="com.vtiger.crm.orgtest.Working_with_CreationAndVerificationOfOrgName" time="12.769" errors="0" timestamp="2024-08-19T09:50:53 IST" skipped="0">
  <testcase classname="com.vtiger.crm.orgtest.Working_with_CreationAndVerificationOfOrgName" name="orgName" time="12.769"/>
  <system-out/>
</testsuite> <!-- com.vtiger.crm.orgtest.Working_with_CreationAndVerificationOfOrgName -->
