<?xml version="1.0" encoding="UTF-8"?>
<!-- Generated by org.testng.reporters.JUnitReportReporter -->
<testsuite hostname="Chetan-pc" failures="0" tests="1" name="practice.Working_with_VerificationOfOrgNameCreated" time="17.318" errors="0" timestamp="2024-08-12T11:13:46 IST" skipped="0">
  <testcase classname="practice.Working_with_VerificationOfOrgNameCreated" name="orgName" time="17.318"/>
  <system-out/>
</testsuite> <!-- practice.Working_with_VerificationOfOrgNameCreated -->
