<?xml version="1.0" encoding="UTF-8"?>
<!-- Generated by org.testng.reporters.JUnitReportReporter -->
<testsuite hostname="Chetan-pc" failures="0" tests="1" name="practice.Working_with_DataBase_ReadDataFromDB" time="0.392" errors="0" timestamp="2024-08-09T13:38:59 IST" skipped="0">
  <testcase classname="practice.Working_with_DataBase_ReadDataFromDB" name="readData" time="0.392"/>
  <system-out/>
</testsuite> <!-- practice.Working_with_DataBase_ReadDataFromDB -->
