<?xml version="1.0" encoding="UTF-8"?>
<!-- Generated by org.testng.reporters.JUnitReportReporter -->
<testsuite hostname="Chetan-pc" failures="0" tests="1" name="practice.Working_with_VerificationOfNewContactWithOrg" time="17.612" errors="0" timestamp="2024-08-12T13:00:28 IST" skipped="0">
  <testcase classname="practice.Working_with_VerificationOfNewContactWithOrg" name="contact" time="17.612"/>
  <system-out/>
</testsuite> <!-- practice.Working_with_VerificationOfNewContactWithOrg -->
